build/app/intermediates/manifest_merge_blame_file/release/manifest-merger-blame-release-report.txt
1<?xml version="1.0" encoding="utf-8"?>
2<manifest xmlns:android="http://schemas.android.com/apk/res/android"
3    package="com.pedelogo.restaurante"
4    android:versionCode="1"
5    android:versionName="1.0.0" >
6
7    <uses-sdk
8        android:minSdkVersion="21"
8-->src/main/AndroidManifest.xml
9        android:targetSdkVersion="34" />
9-->src/main/AndroidManifest.xml
10    <!--
11         io.flutter.app.FlutterApplication is an android.app.Application that
12         calls FlutterMain.startInitialization(this); in its onCreate method.
13         In most cases you can leave this as-is, but you if you want to provide
14         additional functionality it is fine to subclass or reimplement
15         FlutterApplication and put your custom class here.
16    -->
17    <uses-permission android:name="android.permission.INTERNET" />
17-->src/main/AndroidManifest.xml:8:5-66
17-->src/main/AndroidManifest.xml:8:22-64
18    <uses-permission android:name="android.permission.ACCESS_FINE_LOCATION" />
18-->src/main/AndroidManifest.xml:9:5-79
18-->src/main/AndroidManifest.xml:9:22-76
19    <uses-permission android:name="android.permission.ACCESS_COARSE_LOCATION" />
19-->src/main/AndroidManifest.xml:10:5-81
19-->src/main/AndroidManifest.xml:10:22-78
20    <uses-permission android:name="android.permission.BLUETOOTH" />
20-->src/main/AndroidManifest.xml:11:5-68
20-->src/main/AndroidManifest.xml:11:22-65
21    <uses-permission android:name="android.permission.BLUETOOTH_ADMIN" />
21-->src/main/AndroidManifest.xml:12:5-74
21-->src/main/AndroidManifest.xml:12:22-71
22
23    <queries>
23-->src/main/AndroidManifest.xml:14:5-27:15
24        <intent>
24-->src/main/AndroidManifest.xml:15:9-18:18
25            <action android:name="android.intent.action.VIEW" />
25-->src/main/AndroidManifest.xml:16:13-65
25-->src/main/AndroidManifest.xml:16:21-62
26
27            <data android:scheme="https" />
27-->src/main/AndroidManifest.xml:17:13-44
27-->src/main/AndroidManifest.xml:17:19-41
28        </intent>
29        <intent>
29-->src/main/AndroidManifest.xml:19:9-22:18
30            <action android:name="android.intent.action.DIAL" />
30-->src/main/AndroidManifest.xml:20:13-65
30-->src/main/AndroidManifest.xml:20:21-62
31
32            <data android:scheme="tel" />
32-->src/main/AndroidManifest.xml:17:13-44
32-->src/main/AndroidManifest.xml:17:19-41
33        </intent>
34        <intent>
34-->src/main/AndroidManifest.xml:23:9-26:18
35            <action android:name="android.intent.action.SEND" />
35-->src/main/AndroidManifest.xml:24:13-65
35-->src/main/AndroidManifest.xml:24:21-62
36
37            <data android:mimeType="*/*" />
37-->src/main/AndroidManifest.xml:17:13-44
37-->src/main/AndroidManifest.xml:25:19-41
38        </intent>
39        <intent>
39-->[:file_picker] AndroidManifest.xml:14:9-18:18
40            <action android:name="android.intent.action.GET_CONTENT" />
40-->[:file_picker] AndroidManifest.xml:15:13-72
40-->[:file_picker] AndroidManifest.xml:15:21-69
41
42            <data android:mimeType="*/*" />
42-->src/main/AndroidManifest.xml:17:13-44
42-->src/main/AndroidManifest.xml:25:19-41
43        </intent>
44        <intent>
44-->[:flutter_inappwebview_android] AndroidManifest.xml:10:9-12:18
45            <action android:name="android.support.customtabs.action.CustomTabsService" />
45-->[:flutter_inappwebview_android] AndroidManifest.xml:11:13-90
45-->[:flutter_inappwebview_android] AndroidManifest.xml:11:21-87
46        </intent> <!-- Needs to be explicitly declared on Android R+ -->
47        <package android:name="com.google.android.apps.maps" />
47-->[com.google.android.gms:play-services-maps:18.2.0] AndroidManifest.xml:33:9-64
47-->[com.google.android.gms:play-services-maps:18.2.0] AndroidManifest.xml:33:18-61
48    </queries>
49
50    <uses-permission android:name="android.permission.WAKE_LOCK" />
50-->[:firebase_messaging] AndroidManifest.xml:10:5-68
50-->[:firebase_messaging] AndroidManifest.xml:10:22-65
51    <uses-permission android:name="android.permission.ACCESS_NETWORK_STATE" /> <!-- Permissions options for the `notification` group -->
51-->[:firebase_messaging] AndroidManifest.xml:11:5-79
51-->[:firebase_messaging] AndroidManifest.xml:11:22-76
52    <uses-permission android:name="android.permission.POST_NOTIFICATIONS" />
52-->[:firebase_messaging] AndroidManifest.xml:13:5-77
52-->[:firebase_messaging] AndroidManifest.xml:13:22-74
53
54    <uses-feature
54-->[:flutter_pos_printer_platform] AndroidManifest.xml:9:5-11:36
55        android:name="android.hardware.bluetooth"
55-->[:flutter_pos_printer_platform] AndroidManifest.xml:10:9-50
56        android:required="false" />
56-->[:flutter_pos_printer_platform] AndroidManifest.xml:11:9-33
57    <!--
58         Needed only if your app looks for Bluetooth devices.
59             If your app doesn't use Bluetooth scan results to derive physical
60             location information, you can strongly assert that your app
61             doesn't derive physical location.
62    -->
63    <uses-permission android:name="android.permission.BLUETOOTH_SCAN" />
63-->[:flutter_pos_printer_platform] AndroidManifest.xml:25:5-73
63-->[:flutter_pos_printer_platform] AndroidManifest.xml:25:22-70
64    <!--
65      Needed only if your app makes the device discoverable to Bluetooth
66      devices.
67    -->
68    <uses-permission android:name="android.permission.BLUETOOTH_ADVERTISE" />
68-->[:flutter_pos_printer_platform] AndroidManifest.xml:30:5-78
68-->[:flutter_pos_printer_platform] AndroidManifest.xml:30:22-75
69    <!--
70         Needed only if your app communicates with already-paired Bluetooth
71           devices.
72    -->
73    <uses-permission android:name="android.permission.BLUETOOTH_CONNECT" />
73-->[:flutter_pos_printer_platform] AndroidManifest.xml:35:5-76
73-->[:flutter_pos_printer_platform] AndroidManifest.xml:35:22-73
74    <uses-permission android:name="android.permission.ACCESS_WIFI_STATE" />
74-->[:network_info_plus] AndroidManifest.xml:10:5-76
74-->[:network_info_plus] AndroidManifest.xml:10:22-73
75    <uses-permission
75-->[:file_picker] AndroidManifest.xml:9:5-11:38
76        android:name="android.permission.READ_EXTERNAL_STORAGE"
76-->[:file_picker] AndroidManifest.xml:10:9-64
77        android:maxSdkVersion="32" />
77-->[:file_picker] AndroidManifest.xml:11:9-35
78    <uses-permission android:name="android.permission.VIBRATE" />
78-->[:flutter_local_notifications] AndroidManifest.xml:9:5-66
78-->[:flutter_local_notifications] AndroidManifest.xml:9:22-63
79
80    <uses-feature
80-->[com.google.android.gms:play-services-maps:18.2.0] AndroidManifest.xml:26:5-28:35
81        android:glEsVersion="0x00020000"
81-->[com.google.android.gms:play-services-maps:18.2.0] AndroidManifest.xml:27:9-41
82        android:required="true" /> <!-- Required by older versions of Google Play services to create IID tokens -->
82-->[com.google.android.gms:play-services-maps:18.2.0] AndroidManifest.xml:28:9-32
83    <uses-permission android:name="com.google.android.c2dm.permission.RECEIVE" />
83-->[com.google.firebase:firebase-messaging:23.3.1] AndroidManifest.xml:26:5-82
83-->[com.google.firebase:firebase-messaging:23.3.1] AndroidManifest.xml:26:22-79
84
85    <permission
85-->[androidx.core:core:1.10.1] AndroidManifest.xml:22:5-24:47
86        android:name="com.pedelogo.restaurante.DYNAMIC_RECEIVER_NOT_EXPORTED_PERMISSION"
86-->[androidx.core:core:1.10.1] AndroidManifest.xml:23:9-81
87        android:protectionLevel="signature" />
87-->[androidx.core:core:1.10.1] AndroidManifest.xml:24:9-44
88
89    <uses-permission android:name="com.pedelogo.restaurante.DYNAMIC_RECEIVER_NOT_EXPORTED_PERMISSION" />
89-->[androidx.core:core:1.10.1] AndroidManifest.xml:26:5-97
89-->[androidx.core:core:1.10.1] AndroidManifest.xml:26:22-94
90
91    <application
91-->src/main/AndroidManifest.xml:29:5-80:19
92        android:appComponentFactory="androidx.core.app.CoreComponentFactory"
92-->[androidx.core:core:1.10.1] AndroidManifest.xml:28:18-86
93        android:icon="@mipmap/ic_launcher"
93-->src/main/AndroidManifest.xml:33:9-43
94        android:label="PedeLogo Multi vendedor"
94-->src/main/AndroidManifest.xml:30:9-48
95        android:requestLegacyExternalStorage="true"
95-->src/main/AndroidManifest.xml:31:9-52
96        android:usesCleartextTraffic="true" >
96-->src/main/AndroidManifest.xml:32:9-44
97        <meta-data
97-->src/main/AndroidManifest.xml:34:9-35:70
98            android:name="com.google.android.geo.API_KEY"
98-->src/main/AndroidManifest.xml:34:20-65
99            android:value="AIzaSyAFCR8BXMS-PnQ8ep5QrEjspddpERJTeuo" />
99-->src/main/AndroidManifest.xml:35:13-68
100
101        <activity
101-->src/main/AndroidManifest.xml:37:9-74:20
102            android:name="com.pedelogo.restaurante.MainActivity"
102-->src/main/AndroidManifest.xml:38:13-41
103            android:configChanges="orientation|keyboardHidden|keyboard|screenSize|smallestScreenSize|locale|layoutDirection|fontScale|screenLayout|density|uiMode"
103-->src/main/AndroidManifest.xml:41:13-163
104            android:exported="true"
104-->src/main/AndroidManifest.xml:43:13-36
105            android:hardwareAccelerated="true"
105-->src/main/AndroidManifest.xml:42:13-47
106            android:launchMode="singleTop"
106-->src/main/AndroidManifest.xml:39:13-43
107            android:theme="@style/LaunchTheme"
107-->src/main/AndroidManifest.xml:40:13-47
108            android:windowSoftInputMode="adjustResize" >
108-->src/main/AndroidManifest.xml:44:13-55
109
110            <!--
111                 Specifies an Android theme to apply to this Activity as soon as
112                 the Android process has started. This theme is visible to the user
113                 while the Flutter UI initializes. After that, this theme continues
114                 to determine the Window background behind the Flutter UI.
115            -->
116            <meta-data
116-->src/main/AndroidManifest.xml:49:13-52:17
117                android:name="io.flutter.embedding.android.NormalTheme"
117-->src/main/AndroidManifest.xml:50:15-70
118                android:resource="@style/NormalTheme" />
118-->src/main/AndroidManifest.xml:51:15-52
119            <!--
120                 Displays an Android View that continues showing the launch screen
121                 Drawable until Flutter paints its first frame, then this splash
122                 screen fades out. A splash screen is useful to avoid any visual
123                 gap between the end of Android's launch screen and the painting of
124                 Flutter's first frame.
125            -->
126            <meta-data
126-->src/main/AndroidManifest.xml:58:13-61:17
127                android:name="io.flutter.embedding.android.SplashScreenDrawable"
127-->src/main/AndroidManifest.xml:59:15-79
128                android:resource="@drawable/launch_background" />
128-->src/main/AndroidManifest.xml:60:15-61
129            <meta-data
129-->src/main/AndroidManifest.xml:63:13-65:45
130                android:name="com.google.firebase.messaging.default_notification_channel_id"
130-->src/main/AndroidManifest.xml:64:17-93
131                android:value="stackfood" />
131-->src/main/AndroidManifest.xml:65:17-42
132
133            <intent-filter>
133-->src/main/AndroidManifest.xml:66:13-69:29
134                <action android:name="android.intent.action.MAIN" />
134-->src/main/AndroidManifest.xml:67:17-68
134-->src/main/AndroidManifest.xml:67:25-66
135
136                <category android:name="android.intent.category.LAUNCHER" />
136-->src/main/AndroidManifest.xml:68:17-76
136-->src/main/AndroidManifest.xml:68:27-74
137            </intent-filter>
138            <intent-filter>
138-->src/main/AndroidManifest.xml:70:13-73:29
139                <action android:name="FLUTTER_NOTIFICATION_CLICK" />
139-->src/main/AndroidManifest.xml:71:17-69
139-->src/main/AndroidManifest.xml:71:25-66
140
141                <category android:name="android.intent.category.DEFAULT" />
141-->src/main/AndroidManifest.xml:72:17-76
141-->src/main/AndroidManifest.xml:72:27-73
142            </intent-filter>
143        </activity>
144        <!--
145             Don't delete the meta-data below.
146             This is used by the Flutter tool to generate GeneratedPluginRegistrant.java
147        -->
148        <meta-data
148-->src/main/AndroidManifest.xml:77:9-79:33
149            android:name="flutterEmbedding"
149-->src/main/AndroidManifest.xml:78:13-44
150            android:value="2" />
150-->src/main/AndroidManifest.xml:79:13-30
151
152        <service
152-->[:firebase_messaging] AndroidManifest.xml:16:9-19:72
153            android:name="io.flutter.plugins.firebase.messaging.FlutterFirebaseMessagingBackgroundService"
153-->[:firebase_messaging] AndroidManifest.xml:17:13-107
154            android:exported="false"
154-->[:firebase_messaging] AndroidManifest.xml:18:13-37
155            android:permission="android.permission.BIND_JOB_SERVICE" />
155-->[:firebase_messaging] AndroidManifest.xml:19:13-69
156        <service
156-->[:firebase_messaging] AndroidManifest.xml:20:9-26:19
157            android:name="io.flutter.plugins.firebase.messaging.FlutterFirebaseMessagingService"
157-->[:firebase_messaging] AndroidManifest.xml:21:13-97
158            android:exported="false" >
158-->[:firebase_messaging] AndroidManifest.xml:22:13-37
159            <intent-filter>
159-->[:firebase_messaging] AndroidManifest.xml:23:13-25:29
160                <action android:name="com.google.firebase.MESSAGING_EVENT" />
160-->[:firebase_messaging] AndroidManifest.xml:24:17-78
160-->[:firebase_messaging] AndroidManifest.xml:24:25-75
161            </intent-filter>
162        </service>
163
164        <receiver
164-->[:firebase_messaging] AndroidManifest.xml:28:9-35:20
165            android:name="io.flutter.plugins.firebase.messaging.FlutterFirebaseMessagingReceiver"
165-->[:firebase_messaging] AndroidManifest.xml:29:13-98
166            android:exported="true"
166-->[:firebase_messaging] AndroidManifest.xml:30:13-36
167            android:permission="com.google.android.c2dm.permission.SEND" >
167-->[:firebase_messaging] AndroidManifest.xml:31:13-73
168            <intent-filter>
168-->[:firebase_messaging] AndroidManifest.xml:32:13-34:29
169                <action android:name="com.google.android.c2dm.intent.RECEIVE" />
169-->[:firebase_messaging] AndroidManifest.xml:33:17-81
169-->[:firebase_messaging] AndroidManifest.xml:33:25-78
170            </intent-filter>
171        </receiver>
172
173        <service
173-->[:firebase_messaging] AndroidManifest.xml:37:9-41:19
174            android:name="com.google.firebase.components.ComponentDiscoveryService"
174-->[:firebase_messaging] AndroidManifest.xml:37:18-89
175            android:directBootAware="true"
175-->[com.google.firebase:firebase-common:20.4.2] AndroidManifest.xml:32:13-43
176            android:exported="false" >
176-->[com.google.firebase:firebase-messaging:23.3.1] AndroidManifest.xml:56:13-37
177            <meta-data
177-->[:firebase_messaging] AndroidManifest.xml:38:13-40:85
178                android:name="com.google.firebase.components:io.flutter.plugins.firebase.messaging.FlutterFirebaseAppRegistrar"
178-->[:firebase_messaging] AndroidManifest.xml:39:17-128
179                android:value="com.google.firebase.components.ComponentRegistrar" />
179-->[:firebase_messaging] AndroidManifest.xml:40:17-82
180            <meta-data
180-->[:firebase_core] AndroidManifest.xml:11:13-13:85
181                android:name="com.google.firebase.components:io.flutter.plugins.firebase.core.FlutterFirebaseCoreRegistrar"
181-->[:firebase_core] AndroidManifest.xml:12:17-124
182                android:value="com.google.firebase.components.ComponentRegistrar" />
182-->[:firebase_core] AndroidManifest.xml:13:17-82
183            <meta-data
183-->[com.google.firebase:firebase-messaging:23.3.1] AndroidManifest.xml:57:13-59:85
184                android:name="com.google.firebase.components:com.google.firebase.messaging.FirebaseMessagingKtxRegistrar"
184-->[com.google.firebase:firebase-messaging:23.3.1] AndroidManifest.xml:58:17-122
185                android:value="com.google.firebase.components.ComponentRegistrar" />
185-->[com.google.firebase:firebase-messaging:23.3.1] AndroidManifest.xml:59:17-82
186            <meta-data
186-->[com.google.firebase:firebase-messaging:23.3.1] AndroidManifest.xml:60:13-62:85
187                android:name="com.google.firebase.components:com.google.firebase.messaging.FirebaseMessagingRegistrar"
187-->[com.google.firebase:firebase-messaging:23.3.1] AndroidManifest.xml:61:17-119
188                android:value="com.google.firebase.components.ComponentRegistrar" />
188-->[com.google.firebase:firebase-messaging:23.3.1] AndroidManifest.xml:62:17-82
189            <meta-data
189-->[com.google.firebase:firebase-iid:21.1.0] AndroidManifest.xml:32:13-34:85
190                android:name="com.google.firebase.components:com.google.firebase.iid.Registrar"
190-->[com.google.firebase:firebase-iid:21.1.0] AndroidManifest.xml:33:17-96
191                android:value="com.google.firebase.components.ComponentRegistrar" />
191-->[com.google.firebase:firebase-iid:21.1.0] AndroidManifest.xml:34:17-82
192            <meta-data
192-->[com.google.firebase:firebase-installations:17.2.0] AndroidManifest.xml:15:13-17:85
193                android:name="com.google.firebase.components:com.google.firebase.installations.FirebaseInstallationsKtxRegistrar"
193-->[com.google.firebase:firebase-installations:17.2.0] AndroidManifest.xml:16:17-130
194                android:value="com.google.firebase.components.ComponentRegistrar" />
194-->[com.google.firebase:firebase-installations:17.2.0] AndroidManifest.xml:17:17-82
195            <meta-data
195-->[com.google.firebase:firebase-installations:17.2.0] AndroidManifest.xml:18:13-20:85
196                android:name="com.google.firebase.components:com.google.firebase.installations.FirebaseInstallationsRegistrar"
196-->[com.google.firebase:firebase-installations:17.2.0] AndroidManifest.xml:19:17-127
197                android:value="com.google.firebase.components.ComponentRegistrar" />
197-->[com.google.firebase:firebase-installations:17.2.0] AndroidManifest.xml:20:17-82
198            <meta-data
198-->[com.google.firebase:firebase-common-ktx:20.4.2] AndroidManifest.xml:12:13-14:85
199                android:name="com.google.firebase.components:com.google.firebase.ktx.FirebaseCommonLegacyRegistrar"
199-->[com.google.firebase:firebase-common-ktx:20.4.2] AndroidManifest.xml:13:17-116
200                android:value="com.google.firebase.components.ComponentRegistrar" />
200-->[com.google.firebase:firebase-common-ktx:20.4.2] AndroidManifest.xml:14:17-82
201            <meta-data
201-->[com.google.firebase:firebase-common:20.4.2] AndroidManifest.xml:35:13-37:85
202                android:name="com.google.firebase.components:com.google.firebase.FirebaseCommonKtxRegistrar"
202-->[com.google.firebase:firebase-common:20.4.2] AndroidManifest.xml:36:17-109
203                android:value="com.google.firebase.components.ComponentRegistrar" />
203-->[com.google.firebase:firebase-common:20.4.2] AndroidManifest.xml:37:17-82
204            <meta-data
204-->[com.google.firebase:firebase-datatransport:18.1.7] AndroidManifest.xml:27:13-29:85
205                android:name="com.google.firebase.components:com.google.firebase.datatransport.TransportRegistrar"
205-->[com.google.firebase:firebase-datatransport:18.1.7] AndroidManifest.xml:28:17-115
206                android:value="com.google.firebase.components.ComponentRegistrar" />
206-->[com.google.firebase:firebase-datatransport:18.1.7] AndroidManifest.xml:29:17-82
207        </service>
208
209        <provider
209-->[:firebase_messaging] AndroidManifest.xml:43:9-47:38
210            android:name="io.flutter.plugins.firebase.messaging.FlutterFirebaseMessagingInitProvider"
210-->[:firebase_messaging] AndroidManifest.xml:44:13-102
211            android:authorities="com.pedelogo.restaurante.flutterfirebasemessaginginitprovider"
211-->[:firebase_messaging] AndroidManifest.xml:45:13-88
212            android:exported="false"
212-->[:firebase_messaging] AndroidManifest.xml:46:13-37
213            android:initOrder="99" />
213-->[:firebase_messaging] AndroidManifest.xml:47:13-35
214
215        <service
215-->[:geolocator_android] AndroidManifest.xml:10:9-14:56
216            android:name="com.baseflow.geolocator.GeolocatorLocationService"
216-->[:geolocator_android] AndroidManifest.xml:11:13-77
217            android:enabled="true"
217-->[:geolocator_android] AndroidManifest.xml:12:13-35
218            android:exported="false"
218-->[:geolocator_android] AndroidManifest.xml:13:13-37
219            android:foregroundServiceType="location" />
219-->[:geolocator_android] AndroidManifest.xml:14:13-53
220
221        <provider
221-->[:image_picker_android] AndroidManifest.xml:10:9-18:20
222            android:name="io.flutter.plugins.imagepicker.ImagePickerFileProvider"
222-->[:image_picker_android] AndroidManifest.xml:11:13-82
223            android:authorities="com.pedelogo.restaurante.flutter.image_provider"
223-->[:image_picker_android] AndroidManifest.xml:12:13-74
224            android:exported="false"
224-->[:image_picker_android] AndroidManifest.xml:13:13-37
225            android:grantUriPermissions="true" >
225-->[:image_picker_android] AndroidManifest.xml:14:13-47
226            <meta-data
226-->[:image_picker_android] AndroidManifest.xml:15:13-17:75
227                android:name="android.support.FILE_PROVIDER_PATHS"
227-->[:image_picker_android] AndroidManifest.xml:16:17-67
228                android:resource="@xml/flutter_image_picker_file_paths" />
228-->[:image_picker_android] AndroidManifest.xml:17:17-72
229        </provider>
230
231        <activity
231-->[:url_launcher_android] AndroidManifest.xml:10:9-13:74
232            android:name="io.flutter.plugins.urllauncher.WebViewActivity"
232-->[:url_launcher_android] AndroidManifest.xml:11:13-74
233            android:exported="false"
233-->[:url_launcher_android] AndroidManifest.xml:12:13-37
234            android:theme="@android:style/Theme.NoTitleBar.Fullscreen" />
234-->[:url_launcher_android] AndroidManifest.xml:13:13-71
235        <activity
235-->[:flutter_inappwebview_android] AndroidManifest.xml:16:9-20:47
236            android:name="com.pichillilorenzo.flutter_inappwebview_android.in_app_browser.InAppBrowserActivity"
236-->[:flutter_inappwebview_android] AndroidManifest.xml:17:13-112
237            android:configChanges="orientation|keyboardHidden|keyboard|screenSize|locale|layoutDirection|fontScale|screenLayout|density"
237-->[:flutter_inappwebview_android] AndroidManifest.xml:18:13-137
238            android:exported="false"
238-->[:flutter_inappwebview_android] AndroidManifest.xml:19:13-37
239            android:theme="@style/AppTheme" />
239-->[:flutter_inappwebview_android] AndroidManifest.xml:20:13-44
240        <activity
240-->[:flutter_inappwebview_android] AndroidManifest.xml:21:9-24:55
241            android:name="com.pichillilorenzo.flutter_inappwebview_android.chrome_custom_tabs.ChromeCustomTabsActivity"
241-->[:flutter_inappwebview_android] AndroidManifest.xml:22:13-120
242            android:exported="false"
242-->[:flutter_inappwebview_android] AndroidManifest.xml:23:13-37
243            android:theme="@style/ThemeTransparent" />
243-->[:flutter_inappwebview_android] AndroidManifest.xml:24:13-52
244        <activity
244-->[:flutter_inappwebview_android] AndroidManifest.xml:25:9-28:55
245            android:name="com.pichillilorenzo.flutter_inappwebview_android.chrome_custom_tabs.TrustedWebActivity"
245-->[:flutter_inappwebview_android] AndroidManifest.xml:26:13-114
246            android:exported="false"
246-->[:flutter_inappwebview_android] AndroidManifest.xml:27:13-37
247            android:theme="@style/ThemeTransparent" />
247-->[:flutter_inappwebview_android] AndroidManifest.xml:28:13-52
248        <activity
248-->[:flutter_inappwebview_android] AndroidManifest.xml:29:9-33:55
249            android:name="com.pichillilorenzo.flutter_inappwebview_android.chrome_custom_tabs.ChromeCustomTabsActivitySingleInstance"
249-->[:flutter_inappwebview_android] AndroidManifest.xml:30:13-134
250            android:exported="false"
250-->[:flutter_inappwebview_android] AndroidManifest.xml:31:13-37
251            android:launchMode="singleInstance"
251-->[:flutter_inappwebview_android] AndroidManifest.xml:32:13-48
252            android:theme="@style/ThemeTransparent" />
252-->[:flutter_inappwebview_android] AndroidManifest.xml:33:13-52
253        <activity
253-->[:flutter_inappwebview_android] AndroidManifest.xml:34:9-38:55
254            android:name="com.pichillilorenzo.flutter_inappwebview_android.chrome_custom_tabs.TrustedWebActivitySingleInstance"
254-->[:flutter_inappwebview_android] AndroidManifest.xml:35:13-128
255            android:exported="false"
255-->[:flutter_inappwebview_android] AndroidManifest.xml:36:13-37
256            android:launchMode="singleInstance"
256-->[:flutter_inappwebview_android] AndroidManifest.xml:37:13-48
257            android:theme="@style/ThemeTransparent" />
257-->[:flutter_inappwebview_android] AndroidManifest.xml:38:13-52
258
259        <receiver
259-->[:flutter_inappwebview_android] AndroidManifest.xml:40:9-43:40
260            android:name="com.pichillilorenzo.flutter_inappwebview_android.chrome_custom_tabs.ActionBroadcastReceiver"
260-->[:flutter_inappwebview_android] AndroidManifest.xml:41:13-119
261            android:enabled="true"
261-->[:flutter_inappwebview_android] AndroidManifest.xml:42:13-35
262            android:exported="false" />
262-->[:flutter_inappwebview_android] AndroidManifest.xml:43:13-37
263
264        <meta-data
264-->[:flutter_inappwebview_android] AndroidManifest.xml:45:9-47:36
265            android:name="io.flutter.embedded_views_preview"
265-->[:flutter_inappwebview_android] AndroidManifest.xml:46:13-61
266            android:value="true" /> <!-- Needs to be explicitly declared on P+ -->
266-->[:flutter_inappwebview_android] AndroidManifest.xml:47:13-33
267        <uses-library
267-->[com.google.android.gms:play-services-maps:18.2.0] AndroidManifest.xml:39:9-41:40
268            android:name="org.apache.http.legacy"
268-->[com.google.android.gms:play-services-maps:18.2.0] AndroidManifest.xml:40:13-50
269            android:required="false" />
269-->[com.google.android.gms:play-services-maps:18.2.0] AndroidManifest.xml:41:13-37
270
271        <receiver
271-->[com.google.firebase:firebase-messaging:23.3.1] AndroidManifest.xml:29:9-40:20
272            android:name="com.google.firebase.iid.FirebaseInstanceIdReceiver"
272-->[com.google.firebase:firebase-messaging:23.3.1] AndroidManifest.xml:30:13-78
273            android:exported="true"
273-->[com.google.firebase:firebase-messaging:23.3.1] AndroidManifest.xml:31:13-36
274            android:permission="com.google.android.c2dm.permission.SEND" >
274-->[com.google.firebase:firebase-messaging:23.3.1] AndroidManifest.xml:32:13-73
275            <intent-filter>
275-->[:firebase_messaging] AndroidManifest.xml:32:13-34:29
276                <action android:name="com.google.android.c2dm.intent.RECEIVE" />
276-->[:firebase_messaging] AndroidManifest.xml:33:17-81
276-->[:firebase_messaging] AndroidManifest.xml:33:25-78
277            </intent-filter>
278
279            <meta-data
279-->[com.google.firebase:firebase-messaging:23.3.1] AndroidManifest.xml:37:13-39:40
280                android:name="com.google.android.gms.cloudmessaging.FINISHED_AFTER_HANDLED"
280-->[com.google.firebase:firebase-messaging:23.3.1] AndroidManifest.xml:38:17-92
281                android:value="true" />
281-->[com.google.firebase:firebase-messaging:23.3.1] AndroidManifest.xml:39:17-37
282        </receiver>
283        <!--
284             FirebaseMessagingService performs security checks at runtime,
285             but set to not exported to explicitly avoid allowing another app to call it.
286        -->
287        <service
287-->[com.google.firebase:firebase-messaging:23.3.1] AndroidManifest.xml:46:9-53:19
288            android:name="com.google.firebase.messaging.FirebaseMessagingService"
288-->[com.google.firebase:firebase-messaging:23.3.1] AndroidManifest.xml:47:13-82
289            android:directBootAware="true"
289-->[com.google.firebase:firebase-messaging:23.3.1] AndroidManifest.xml:48:13-43
290            android:exported="false" >
290-->[com.google.firebase:firebase-messaging:23.3.1] AndroidManifest.xml:49:13-37
291            <intent-filter android:priority="-500" >
291-->[:firebase_messaging] AndroidManifest.xml:23:13-25:29
292                <action android:name="com.google.firebase.MESSAGING_EVENT" />
292-->[:firebase_messaging] AndroidManifest.xml:24:17-78
292-->[:firebase_messaging] AndroidManifest.xml:24:25-75
293            </intent-filter>
294        </service>
295
296        <activity
296-->[com.google.android.gms:play-services-base:18.1.0] AndroidManifest.xml:20:9-22:45
297            android:name="com.google.android.gms.common.api.GoogleApiActivity"
297-->[com.google.android.gms:play-services-base:18.1.0] AndroidManifest.xml:20:19-85
298            android:exported="false"
298-->[com.google.android.gms:play-services-base:18.1.0] AndroidManifest.xml:22:19-43
299            android:theme="@android:style/Theme.Translucent.NoTitleBar" />
299-->[com.google.android.gms:play-services-base:18.1.0] AndroidManifest.xml:21:19-78
300
301        <provider
301-->[com.google.firebase:firebase-common:20.4.2] AndroidManifest.xml:23:9-28:39
302            android:name="com.google.firebase.provider.FirebaseInitProvider"
302-->[com.google.firebase:firebase-common:20.4.2] AndroidManifest.xml:24:13-77
303            android:authorities="com.pedelogo.restaurante.firebaseinitprovider"
303-->[com.google.firebase:firebase-common:20.4.2] AndroidManifest.xml:25:13-72